<?xml version="1.0" encoding="UTF-8"?>
<TestRun id="8630d03b-9ebc-4498-b93f-ef5c03bd7ba0" name="Philip@PHILIP-PC 2012-02-21 18:35:27" runUser="Philip-PC\Philip" xmlns="http://microsoft.com/schemas/VisualStudio/TeamTest/2010">
  <TestSettings name="Local" id="4f2c2da6-35aa-4cf6-bcf3-6e412df89a58">
    <Description>These are default test settings for a local test run.</Description>
    <Deployment enabled="false" runDeploymentRoot="Philip_PHILIP-PC 2012-02-21 18_35_27">
      <DeploymentItem filename="C:\Users\Philip\documents\visual studio 2010\Projects\Bamboozled\Bamboozled\Bamboozled\bin\x86\Debug\Bamboozled.exe" />
    </Deployment>
    <Execution>
      <TestTypeSpecific />
      <AgentRule name="Execution Agents">
      </AgentRule>
    </Execution>
  </TestSettings>
  <Times creation="2012-02-21T18:35:27.2507356-06:00" queuing="2012-02-21T18:35:27.2917379-06:00" start="2012-02-21T18:35:27.3057387-06:00" finish="2012-02-21T18:35:30.5877238-06:00" />
  <ResultSummary outcome="Failed">
    <Counters total="7" executed="7" passed="2" error="0" failed="1" timeout="0" aborted="0" inconclusive="4" passedButRunAborted="0" notRunnable="0" notExecuted="0" disconnected="0" warning="0" completed="0" inProgress="0" pending="0" />
    <RunInfos>
      <RunInfo computerName="PHILIP-PC" outcome="Warning" timestamp="2012-02-21T18:35:27.2917379-06:00">
        <Text>Deployment is currently disabled. The deployment item 'Bamboozled.exe' on test 'BamboozledTest.PlayerTest.PlayerConstructorTest' was not deployed.</Text>
      </RunInfo>
    </RunInfos>
  </ResultSummary>
  <TestDefinitions>
    <UnitTest name="PlayerConstructorTest" storage="c:\users\philip\documents\visual studio 2010\projects\bamboozled\bamboozledtest\bin\debug\bamboozledtest.dll" id="be9afbd6-4cf0-35aa-db2f-e9c0c258fb09">
      <DeploymentItems>
        <DeploymentItem filename="Bamboozled.exe" />
      </DeploymentItems>
      <Execution id="1ace7974-ded6-4821-b5f9-1b6e2b0b5e02" />
      <TestMethod codeBase="C:/Users/Philip/documents/visual studio 2010/Projects/Bamboozled/BamboozledTest/bin/Debug/BamboozledTest.DLL" adapterTypeName="Microsoft.VisualStudio.TestTools.TestTypes.Unit.UnitTestAdapter, Microsoft.VisualStudio.QualityTools.Tips.UnitTest.Adapter, Version=10.0.0.0, Culture=neutral, PublicKeyToken=b03f5f7f11d50a3a" className="BamboozledTest.PlayerTest, BamboozledTest, Version=1.0.0.0, Culture=neutral, PublicKeyToken=null" name="PlayerConstructorTest" />
    </UnitTest>
    <UnitTest name="GameplayConstructorTest" storage="c:\users\philip\documents\visual studio 2010\projects\bamboozled\bamboozledtest\bin\debug\bamboozledtest.dll" id="cada89c1-7275-7fd3-acbb-d8d35532583a">
      <Execution id="e76f1768-0780-4ad6-ab13-3c1945755617" />
      <TestMethod codeBase="C:/Users/Philip/documents/visual studio 2010/Projects/Bamboozled/BamboozledTest/bin/Debug/BamboozledTest.DLL" adapterTypeName="Microsoft.VisualStudio.TestTools.TestTypes.Unit.UnitTestAdapter, Microsoft.VisualStudio.QualityTools.Tips.UnitTest.Adapter, Version=10.0.0.0, Culture=neutral, PublicKeyToken=b03f5f7f11d50a3a" className="BamboozledTest.GameplayTest, BamboozledTest, Version=1.0.0.0, Culture=neutral, PublicKeyToken=null" name="GameplayConstructorTest" />
    </UnitTest>
    <UnitTest name="getKeyboardInputTest" storage="c:\users\philip\documents\visual studio 2010\projects\bamboozled\bamboozledtest\bin\debug\bamboozledtest.dll" id="75e2e38d-91a1-65dd-7409-15acf4dce007">
      <Execution id="c7c64594-de3a-4474-a9e2-d610383b4c4e" />
      <TestMethod codeBase="C:/Users/Philip/documents/visual studio 2010/Projects/Bamboozled/BamboozledTest/bin/Debug/BamboozledTest.DLL" adapterTypeName="Microsoft.VisualStudio.TestTools.TestTypes.Unit.UnitTestAdapter, Microsoft.VisualStudio.QualityTools.Tips.UnitTest.Adapter, Version=10.0.0.0, Culture=neutral, PublicKeyToken=b03f5f7f11d50a3a" className="BamboozledTest.BamboozledTest, BamboozledTest, Version=1.0.0.0, Culture=neutral, PublicKeyToken=null" name="getKeyboardInputTest" />
    </UnitTest>
    <UnitTest name="UpdateTest" storage="c:\users\philip\documents\visual studio 2010\projects\bamboozled\bamboozledtest\bin\debug\bamboozledtest.dll" id="bf54fb2b-6ada-7178-dc4b-4731bf1e78c4">
      <Execution id="c25388c5-f392-4d1b-8bee-acd26991f124" />
      <TestMethod codeBase="C:/Users/Philip/documents/visual studio 2010/Projects/Bamboozled/BamboozledTest/bin/Debug/BamboozledTest.DLL" adapterTypeName="Microsoft.VisualStudio.TestTools.TestTypes.Unit.UnitTestAdapter, Microsoft.VisualStudio.QualityTools.Tips.UnitTest.Adapter, Version=10.0.0.0, Culture=neutral, PublicKeyToken=b03f5f7f11d50a3a" className="BamboozledTest.GameplayTest, BamboozledTest, Version=1.0.0.0, Culture=neutral, PublicKeyToken=null" name="UpdateTest" />
    </UnitTest>
    <UnitTest name="InitializeTest" storage="c:\users\philip\documents\visual studio 2010\projects\bamboozled\bamboozledtest\bin\debug\bamboozledtest.dll" id="faecfc7b-fb7e-6599-d3eb-66edad66be60">
      <Execution id="a9a2e489-573a-4e37-ac04-be8e029b56ef" />
      <TestMethod codeBase="C:/Users/Philip/documents/visual studio 2010/Projects/Bamboozled/BamboozledTest/bin/Debug/BamboozledTest.DLL" adapterTypeName="Microsoft.VisualStudio.TestTools.TestTypes.Unit.UnitTestAdapter, Microsoft.VisualStudio.QualityTools.Tips.UnitTest.Adapter, Version=10.0.0.0, Culture=neutral, PublicKeyToken=b03f5f7f11d50a3a" className="BamboozledTest.GameplayTest, BamboozledTest, Version=1.0.0.0, Culture=neutral, PublicKeyToken=null" name="InitializeTest" />
    </UnitTest>
    <UnitTest name="MainTest" storage="c:\users\philip\documents\visual studio 2010\projects\bamboozled\bamboozledtest\bin\debug\bamboozledtest.dll" id="a671e152-7f34-8990-9c96-43b7fc04d9c5">
      <DeploymentItems>
        <DeploymentItem filename="Bamboozled.exe" />
      </DeploymentItems>
      <Execution id="c291e618-0c43-4ef3-8384-a5877bde05a5" />
      <TestMethod codeBase="C:/Users/Philip/documents/visual studio 2010/Projects/Bamboozled/BamboozledTest/bin/Debug/BamboozledTest.DLL" adapterTypeName="Microsoft.VisualStudio.TestTools.TestTypes.Unit.UnitTestAdapter, Microsoft.VisualStudio.QualityTools.Tips.UnitTest.Adapter, Version=10.0.0.0, Culture=neutral, PublicKeyToken=b03f5f7f11d50a3a" className="BamboozledTest.ProgramTest, BamboozledTest, Version=1.0.0.0, Culture=neutral, PublicKeyToken=null" name="MainTest" />
    </UnitTest>
    <UnitTest name="TestMethod1" storage="c:\users\philip\documents\visual studio 2010\projects\bamboozled\bamboozledtest\bin\debug\bamboozledtest.dll" id="0e9ce485-1164-c1e9-2c49-622d0ffc2139">
      <Execution id="3e250544-4235-49b8-aa68-7ee9aecec783" />
      <TestMethod codeBase="C:/Users/Philip/documents/visual studio 2010/Projects/Bamboozled/BamboozledTest/bin/Debug/BamboozledTest.DLL" adapterTypeName="Microsoft.VisualStudio.TestTools.TestTypes.Unit.UnitTestAdapter, Microsoft.VisualStudio.QualityTools.Tips.UnitTest.Adapter, Version=10.0.0.0, Culture=neutral, PublicKeyToken=b03f5f7f11d50a3a" className="BamboozledTest.PlayerTest, BamboozledTest, Version=1.0.0.0, Culture=neutral, PublicKeyToken=null" name="TestMethod1" />
    </UnitTest>
  </TestDefinitions>
  <TestLists>
    <TestList name="Results Not in a List" id="8c84fa94-04c1-424b-9868-57a2d4851a1d" />
    <TestList name="All Loaded Results" id="19431567-8539-422a-85d7-44ee4e166bda" />
  </TestLists>
  <TestEntries>
    <TestEntry testId="0e9ce485-1164-c1e9-2c49-622d0ffc2139" executionId="3e250544-4235-49b8-aa68-7ee9aecec783" testListId="8c84fa94-04c1-424b-9868-57a2d4851a1d" />
    <TestEntry testId="be9afbd6-4cf0-35aa-db2f-e9c0c258fb09" executionId="1ace7974-ded6-4821-b5f9-1b6e2b0b5e02" testListId="8c84fa94-04c1-424b-9868-57a2d4851a1d" />
    <TestEntry testId="75e2e38d-91a1-65dd-7409-15acf4dce007" executionId="c7c64594-de3a-4474-a9e2-d610383b4c4e" testListId="8c84fa94-04c1-424b-9868-57a2d4851a1d" />
    <TestEntry testId="cada89c1-7275-7fd3-acbb-d8d35532583a" executionId="e76f1768-0780-4ad6-ab13-3c1945755617" testListId="8c84fa94-04c1-424b-9868-57a2d4851a1d" />
    <TestEntry testId="faecfc7b-fb7e-6599-d3eb-66edad66be60" executionId="a9a2e489-573a-4e37-ac04-be8e029b56ef" testListId="8c84fa94-04c1-424b-9868-57a2d4851a1d" />
    <TestEntry testId="bf54fb2b-6ada-7178-dc4b-4731bf1e78c4" executionId="c25388c5-f392-4d1b-8bee-acd26991f124" testListId="8c84fa94-04c1-424b-9868-57a2d4851a1d" />
    <TestEntry testId="a671e152-7f34-8990-9c96-43b7fc04d9c5" executionId="c291e618-0c43-4ef3-8384-a5877bde05a5" testListId="8c84fa94-04c1-424b-9868-57a2d4851a1d" />
  </TestEntries>
  <Results>
    <UnitTestResult executionId="3e250544-4235-49b8-aa68-7ee9aecec783" testId="0e9ce485-1164-c1e9-2c49-622d0ffc2139" testName="TestMethod1" computerName="PHILIP-PC" duration="00:00:00.0096936" startTime="2012-02-21T18:35:27.3157393-06:00" endTime="2012-02-21T18:35:27.6217568-06:00" testType="13cdc9d9-ddb5-4fa4-a97d-d965ccfc6d4b" outcome="Passed" testListId="8c84fa94-04c1-424b-9868-57a2d4851a1d" relativeResultsDirectory="3e250544-4235-49b8-aa68-7ee9aecec783">
    </UnitTestResult>
    <UnitTestResult executionId="1ace7974-ded6-4821-b5f9-1b6e2b0b5e02" testId="be9afbd6-4cf0-35aa-db2f-e9c0c258fb09" testName="PlayerConstructorTest" computerName="PHILIP-PC" duration="00:00:00.0109956" startTime="2012-02-21T18:35:27.6337575-06:00" endTime="2012-02-21T18:35:27.6557587-06:00" testType="13cdc9d9-ddb5-4fa4-a97d-d965ccfc6d4b" outcome="Inconclusive" testListId="8c84fa94-04c1-424b-9868-57a2d4851a1d" relativeResultsDirectory="1ace7974-ded6-4821-b5f9-1b6e2b0b5e02">
      <Output>
        <ErrorInfo>
          <Message>Assert.Inconclusive failed. TODO: Implement code to verify target</Message>
          <StackTrace>   at BamboozledTest.PlayerTest.PlayerConstructorTest() in C:\Users\Philip\documents\visual studio 2010\Projects\Bamboozled\BamboozledTest\PlayerTest.cs:line 26
</StackTrace>
        </ErrorInfo>
      </Output>
    </UnitTestResult>
    <UnitTestResult executionId="c7c64594-de3a-4474-a9e2-d610383b4c4e" testId="75e2e38d-91a1-65dd-7409-15acf4dce007" testName="getKeyboardInputTest" computerName="PHILIP-PC" duration="00:00:00.0617142" startTime="2012-02-21T18:35:27.6647593-06:00" endTime="2012-02-21T18:35:27.7367634-06:00" testType="13cdc9d9-ddb5-4fa4-a97d-d965ccfc6d4b" outcome="Passed" testListId="8c84fa94-04c1-424b-9868-57a2d4851a1d" relativeResultsDirectory="c7c64594-de3a-4474-a9e2-d610383b4c4e">
    </UnitTestResult>
    <UnitTestResult executionId="e76f1768-0780-4ad6-ab13-3c1945755617" testId="cada89c1-7275-7fd3-acbb-d8d35532583a" testName="GameplayConstructorTest" computerName="PHILIP-PC" duration="00:00:00.0016870" startTime="2012-02-21T18:35:27.7457639-06:00" endTime="2012-02-21T18:35:27.7657650-06:00" testType="13cdc9d9-ddb5-4fa4-a97d-d965ccfc6d4b" outcome="Inconclusive" testListId="8c84fa94-04c1-424b-9868-57a2d4851a1d" relativeResultsDirectory="e76f1768-0780-4ad6-ab13-3c1945755617">
      <Output>
        <ErrorInfo>
          <Message>Assert.Inconclusive failed. TODO: Implement code to verify target</Message>
          <StackTrace>   at BamboozledTest.GameplayTest.GameplayConstructorTest() in C:\Users\Philip\documents\visual studio 2010\Projects\Bamboozled\BamboozledTest\GameplayTest.cs:line 76
</StackTrace>
        </ErrorInfo>
      </Output>
    </UnitTestResult>
    <UnitTestResult executionId="a9a2e489-573a-4e37-ac04-be8e029b56ef" testId="faecfc7b-fb7e-6599-d3eb-66edad66be60" testName="InitializeTest" computerName="PHILIP-PC" duration="00:00:00.0105580" startTime="2012-02-21T18:35:27.7787658-06:00" endTime="2012-02-21T18:35:27.7997670-06:00" testType="13cdc9d9-ddb5-4fa4-a97d-d965ccfc6d4b" outcome="Failed" testListId="8c84fa94-04c1-424b-9868-57a2d4851a1d" relativeResultsDirectory="a9a2e489-573a-4e37-ac04-be8e029b56ef">
      <Output>
        <ErrorInfo>
          <Message>Test method BamboozledTest.GameplayTest.InitializeTest threw exception: 
System.NullReferenceException: Object reference not set to an instance of an object.</Message>
          <StackTrace>    at Microsoft.Xna.Framework.DrawableGameComponent.Initialize()
   at Bamboozled.Gameplay.Initialize() in C:\Users\Philip\documents\visual studio 2010\Projects\Bamboozled\Bamboozled\Bamboozled\Gameplay.cs:line 34
   at BamboozledTest.GameplayTest.InitializeTest() in C:\Users\Philip\documents\visual studio 2010\Projects\Bamboozled\BamboozledTest\GameplayTest.cs:line 87
</StackTrace>
        </ErrorInfo>
      </Output>
    </UnitTestResult>
    <UnitTestResult executionId="c25388c5-f392-4d1b-8bee-acd26991f124" testId="bf54fb2b-6ada-7178-dc4b-4731bf1e78c4" testName="UpdateTest" computerName="PHILIP-PC" duration="00:00:00.0011929" startTime="2012-02-21T18:35:27.8197681-06:00" endTime="2012-02-21T18:35:27.8327689-06:00" testType="13cdc9d9-ddb5-4fa4-a97d-d965ccfc6d4b" outcome="Inconclusive" testListId="8c84fa94-04c1-424b-9868-57a2d4851a1d" relativeResultsDirectory="c25388c5-f392-4d1b-8bee-acd26991f124">
      <Output>
        <ErrorInfo>
          <Message>Assert.Inconclusive failed. A method that does not return a value cannot be verified.</Message>
          <StackTrace>   at BamboozledTest.GameplayTest.UpdateTest() in C:\Users\Philip\documents\visual studio 2010\Projects\Bamboozled\BamboozledTest\GameplayTest.cs:line 101
</StackTrace>
        </ErrorInfo>
      </Output>
    </UnitTestResult>
    <UnitTestResult executionId="c291e618-0c43-4ef3-8384-a5877bde05a5" testId="a671e152-7f34-8990-9c96-43b7fc04d9c5" testName="MainTest" computerName="PHILIP-PC" duration="00:00:02.2437531" startTime="2012-02-21T18:35:27.8397693-06:00" endTime="2012-02-21T18:35:30.1006960-06:00" testType="13cdc9d9-ddb5-4fa4-a97d-d965ccfc6d4b" outcome="Inconclusive" testListId="8c84fa94-04c1-424b-9868-57a2d4851a1d" relativeResultsDirectory="c291e618-0c43-4ef3-8384-a5877bde05a5">
      <Output>
        <ErrorInfo>
          <Message>Assert.Inconclusive failed. A method that does not return a value cannot be verified.</Message>
          <StackTrace>   at BamboozledTest.ProgramTest.MainTest() in C:\Users\Philip\documents\visual studio 2010\Projects\Bamboozled\BamboozledTest\ProgramTest.cs:line 76
</StackTrace>
        </ErrorInfo>
      </Output>
    </UnitTestResult>
  </Results>
</TestRun>